<?xml version="1.0" encoding="UTF-8" ?>
<testsuite errors="0" failures="0" hostname="LAPTOP-H4NFRS6L" name="RationalTest" skipped="0" tests="9" time="0.07" timestamp="2021-09-07T13:01:29">
  <properties>
    <property name="ant.library.dir" value="C:\Program Files\JetBrains\IntelliJ IDEA Community Edition 2020.2.4\lib\ant\lib" />
    <property name="ant.file.type" value="file" />
    <property name="java.specification.version" value="16" />
    <property name="sun.cpu.isalist" value="amd64" />
    <property name="sun.jnu.encoding" value="Cp1252" />
    <property name="java.class.path" value="C:\Program Files\Java\jdk-16.0.1!\java.base;C:\Program Files\Java\jdk-16.0.1!\java.compiler;C:\Program Files\Java\jdk-16.0.1!\java.datatransfer;C:\Program Files\Java\jdk-16.0.1!\java.desktop;C:\Program Files\Java\jdk-16.0.1!\java.instrument;C:\Program Files\Java\jdk-16.0.1!\java.logging;C:\Program Files\Java\jdk-16.0.1!\java.management;C:\Program Files\Java\jdk-16.0.1!\java.management.rmi;C:\Program Files\Java\jdk-16.0.1!\java.naming;C:\Program Files\Java\jdk-16.0.1!\java.net.http;C:\Program Files\Java\jdk-16.0.1!\java.prefs;C:\Program Files\Java\jdk-16.0.1!\java.rmi;C:\Program Files\Java\jdk-16.0.1!\java.scripting;C:\Program Files\Java\jdk-16.0.1!\java.se;C:\Program Files\Java\jdk-16.0.1!\java.security.jgss;C:\Program Files\Java\jdk-16.0.1!\java.security.sasl;C:\Program Files\Java\jdk-16.0.1!\java.smartcardio;C:\Program Files\Java\jdk-16.0.1!\java.sql;C:\Program Files\Java\jdk-16.0.1!\java.sql.rowset;C:\Program Files\Java\jdk-16.0.1!\java.transaction.xa;C:\Program Files\Java\jdk-16.0.1!\java.xml;C:\Program Files\Java\jdk-16.0.1!\java.xml.crypto;C:\Program Files\Java\jdk-16.0.1!\jdk.accessibility;C:\Program Files\Java\jdk-16.0.1!\jdk.attach;C:\Program Files\Java\jdk-16.0.1!\jdk.charsets;C:\Program Files\Java\jdk-16.0.1!\jdk.compiler;C:\Program Files\Java\jdk-16.0.1!\jdk.crypto.cryptoki;C:\Program Files\Java\jdk-16.0.1!\jdk.crypto.ec;C:\Program Files\Java\jdk-16.0.1!\jdk.crypto.mscapi;C:\Program Files\Java\jdk-16.0.1!\jdk.dynalink;C:\Program Files\Java\jdk-16.0.1!\jdk.editpad;C:\Program Files\Java\jdk-16.0.1!\jdk.hotspot.agent;C:\Program Files\Java\jdk-16.0.1!\jdk.httpserver;C:\Program Files\Java\jdk-16.0.1!\jdk.incubator.foreign;C:\Program Files\Java\jdk-16.0.1!\jdk.incubator.vector;C:\Program Files\Java\jdk-16.0.1!\jdk.internal.ed;C:\Program Files\Java\jdk-16.0.1!\jdk.internal.jvmstat;C:\Program Files\Java\jdk-16.0.1!\jdk.internal.le;C:\Program Files\Java\jdk-16.0.1!\jdk.internal.opt;C:\Program Files\Java\jdk-16.0.1!\jdk.internal.vm.ci;C:\Program Files\Java\jdk-16.0.1!\jdk.jartool;C:\Program Files\Java\jdk-16.0.1!\jdk.javadoc;C:\Program Files\Java\jdk-16.0.1!\jdk.jcmd;C:\Program Files\Java\jdk-16.0.1!\jdk.jconsole;C:\Program Files\Java\jdk-16.0.1!\jdk.jdeps;C:\Program Files\Java\jdk-16.0.1!\jdk.jdi;C:\Program Files\Java\jdk-16.0.1!\jdk.jdwp.agent;C:\Program Files\Java\jdk-16.0.1!\jdk.jfr;C:\Program Files\Java\jdk-16.0.1!\jdk.jlink;C:\Program Files\Java\jdk-16.0.1!\jdk.jpackage;C:\Program Files\Java\jdk-16.0.1!\jdk.jshell;C:\Program Files\Java\jdk-16.0.1!\jdk.jsobject;C:\Program Files\Java\jdk-16.0.1!\jdk.jstatd;C:\Program Files\Java\jdk-16.0.1!\jdk.localedata;C:\Program Files\Java\jdk-16.0.1!\jdk.management;C:\Program Files\Java\jdk-16.0.1!\jdk.management.agent;C:\Program Files\Java\jdk-16.0.1!\jdk.management.jfr;C:\Program Files\Java\jdk-16.0.1!\jdk.naming.dns;C:\Program Files\Java\jdk-16.0.1!\jdk.naming.rmi;C:\Program Files\Java\jdk-16.0.1!\jdk.net;C:\Program Files\Java\jdk-16.0.1!\jdk.nio.mapmode;C:\Program Files\Java\jdk-16.0.1!\jdk.sctp;C:\Program Files\Java\jdk-16.0.1!\jdk.security.auth;C:\Program Files\Java\jdk-16.0.1!\jdk.security.jgss;C:\Program Files\Java\jdk-16.0.1!\jdk.unsupported;C:\Program Files\Java\jdk-16.0.1!\jdk.unsupported.desktop;C:\Program Files\Java\jdk-16.0.1!\jdk.xml.dom;C:\Program Files\Java\jdk-16.0.1!\jdk.zipfs;C:\Program Files\JetBrains\IntelliJ IDEA Community Edition 2020.2.4\lib\ant\lib\ant-antlr.jar;C:\Program Files\JetBrains\IntelliJ IDEA Community Edition 2020.2.4\lib\ant\lib\ant-apache-bcel.jar;C:\Program Files\JetBrains\IntelliJ IDEA Community Edition 2020.2.4\lib\ant\lib\ant-apache-bsf.jar;C:\Program Files\JetBrains\IntelliJ IDEA Community Edition 2020.2.4\lib\ant\lib\ant-apache-log4j.jar;C:\Program Files\JetBrains\IntelliJ IDEA Community Edition 2020.2.4\lib\ant\lib\ant-apache-oro.jar;C:\Program Files\JetBrains\IntelliJ IDEA Community Edition 2020.2.4\lib\ant\lib\ant-apache-regexp.jar;C:\Program Files\JetBrains\IntelliJ IDEA Community Edition 2020.2.4\lib\ant\lib\ant-apache-resolver.jar;C:\Program Files\JetBrains\IntelliJ IDEA Community Edition 2020.2.4\lib\ant\lib\ant-apache-xalan2.jar;C:\Program Files\JetBrains\IntelliJ IDEA Community Edition 2020.2.4\lib\ant\lib\ant-commons-logging.jar;C:\Program Files\JetBrains\IntelliJ IDEA Community Edition 2020.2.4\lib\ant\lib\ant-commons-net.jar;C:\Program Files\JetBrains\IntelliJ IDEA Community Edition 2020.2.4\lib\ant\lib\ant-jai.jar;C:\Program Files\JetBrains\IntelliJ IDEA Community Edition 2020.2.4\lib\ant\lib\ant-javamail.jar;C:\Program Files\JetBrains\IntelliJ IDEA Community Edition 2020.2.4\lib\ant\lib\ant-jdepend.jar;C:\Program Files\JetBrains\IntelliJ IDEA Community Edition 2020.2.4\lib\ant\lib\ant-jmf.jar;C:\Program Files\JetBrains\IntelliJ IDEA Community Edition 2020.2.4\lib\ant\lib\ant-jsch.jar;C:\Program Files\JetBrains\IntelliJ IDEA Community Edition 2020.2.4\lib\ant\lib\ant-junit.jar;C:\Program Files\JetBrains\IntelliJ IDEA Community Edition 2020.2.4\lib\ant\lib\ant-junit4.jar;C:\Program Files\JetBrains\IntelliJ IDEA Community Edition 2020.2.4\lib\ant\lib\ant-junitlauncher.jar;C:\Program Files\JetBrains\IntelliJ IDEA Community Edition 2020.2.4\lib\ant\lib\ant-launcher.jar;C:\Program Files\JetBrains\IntelliJ IDEA Community Edition 2020.2.4\lib\ant\lib\ant-netrexx.jar;C:\Program Files\JetBrains\IntelliJ IDEA Community Edition 2020.2.4\lib\ant\lib\ant-swing.jar;C:\Program Files\JetBrains\IntelliJ IDEA Community Edition 2020.2.4\lib\ant\lib\ant-testutil.jar;C:\Program Files\JetBrains\IntelliJ IDEA Community Edition 2020.2.4\lib\ant\lib\ant-xz.jar;C:\Program Files\JetBrains\IntelliJ IDEA Community Edition 2020.2.4\lib\ant\lib\ant.jar;C:\Program Files\JetBrains\IntelliJ IDEA Community Edition 2020.2.4\lib\idea_rt.jar" />
    <property name="java.vm.vendor" value="Oracle Corporation" />
    <property name="sun.arch.data.model" value="64" />
    <property name="user.variant" value="" />
    <property name="java.vendor.url" value="https://java.oracle.com/" />
    <property name="os.name" value="Windows 10" />
    <property name="java.vm.specification.version" value="16" />
    <property name="sun.java.launcher" value="SUN_STANDARD" />
    <property name="user.country" value="US" />
    <property name="sun.boot.library.path" value="C:\Program Files\Java\jdk-16.0.1\bin" />
    <property name="sun.java.command" value="com.intellij.rt.ant.execution.AntMain2 -logger com.intellij.rt.ant.execution.IdeaAntLogger2 -inputhandler com.intellij.rt.ant.execution.IdeaInputHandler -buildfile D:\Rational\build.xml test" />
    <property name="jdk.debug" value="release" />
    <property name="sun.cpu.endian" value="little" />
    <property name="user.home" value="C:\Users\Roneo" />
    <property name="user.language" value="en" />
    <property name="java.specification.vendor" value="Oracle Corporation" />
    <property name="java.version.date" value="2021-04-20" />
    <property name="java.home" value="C:\Program Files\Java\jdk-16.0.1" />
    <property name="basedir" value="D:\Rational" />
    <property name="file.separator" value="\" />
    <property name="java.vm.compressedOopsMode" value="32-bit" />
    <property name="line.separator" value="&#xd;&#xa;" />
    <property name="ant.java.version" value="16" />
    <property name="java.vm.specification.vendor" value="Oracle Corporation" />
    <property name="java.specification.name" value="Java Platform API Specification" />
    <property name="user.script" value="" />
    <property name="sun.management.compiler" value="HotSpot 64-Bit Tiered Compilers" />
    <property name="java.runtime.version" value="16.0.1+9-24" />
    <property name="user.name" value="Roneo" />
    <property name="ant.file" value="D:\Rational\build.xml" />
    <property name="path.separator" value=";" />
    <property name="os.version" value="10.0" />
    <property name="java.runtime.name" value="Java(TM) SE Runtime Environment" />
    <property name="ant.project.invoked-targets" value="test" />
    <property name="file.encoding" value="UTF-8" />
    <property name="java.vm.name" value="Java HotSpot(TM) 64-Bit Server VM" />
    <property name="ant.core.lib" value="C:\Program Files\JetBrains\IntelliJ IDEA Community Edition 2020.2.4\lib\ant\lib\ant.jar" />
    <property name="java.vendor.url.bug" value="https://bugreport.java.com/bugreport/" />
    <property name="java.io.tmpdir" value="C:\Users\Roneo\AppData\Local\Temp\" />
    <property name="java.version" value="16.0.1" />
    <property name="user.dir" value="D:\Rational" />
    <property name="os.arch" value="amd64" />
    <property name="java.vm.specification.name" value="Java Virtual Machine Specification" />
    <property name="ant.home" value="C:\Program Files\JetBrains\IntelliJ IDEA Community Edition 2020.2.4\lib\ant" />
    <property name="sun.os.patch.level" value="" />
    <property name="ant.version" value="Apache Ant(TM) version 1.10.5 compiled on July 10 2018" />
    <property name="java.library.path" value="C:\Program Files\Java\jdk-16.0.1\bin;C:\WINDOWS\Sun\Java\bin;C:\WINDOWS\system32;C:\WINDOWS;C:\Program Files\Python38\Scripts\;C:\Program Files\Python38\;C:\Program Files\Python39\Scripts\;C:\Program Files\Python39\;C:\Program Files\Common Files\Oracle\Java\javapath;C:\Program Files (x86)\Common Files\Oracle\Java\javapath;C:\Windows\System32;D:\flutter\bin;C:\Windows\System32\WindowsPowerShell\v1.0;C:\Program Files\Git\cmd;C:\Program Files\Git\mingw64\libexec\git-core;C:\Program Files\Git;C:\Program Files\nodejs\;C:\WINDOWS\system32;C:\WINDOWS;C:\WINDOWS\System32\Wbem;C:\WINDOWS\System32\WindowsPowerShell\v1.0\;C:\WINDOWS\System32\OpenSSH\;C:\Sqlite;C:\ProgramData\chocolatey\bin;C:\Program Files\dotnet\;C:\Users\Roneo\AppData\Local\Microsoft\WindowsApps;C:\Users\Roneo\AppData\Local\Programs\Microsoft VS Code\bin;C:\Program Files (x86)\Microsoft Visual Studio\2019\Community\VC\Tools\MSVC\14.27.29110\bin\Hostx86\x86;C:\Program Files\JetBrains\IntelliJ IDEA Community Edition 2020.2.4\bin;;D:\flutter\bin;C:\Program Files\Azure Data Studio\bin;C:\Program Files\Java\jdk-11.0.8\bin;C:\Program Files\Git\cmd;C:\Windows\System32;C:\Program Files\Git\bin\git.exe;C:\Program Files\Git\mingw64\bin;C:\Program Files\Git\bin;C:\Program Files\Git\mingw64\libexec\git-core;C:\Program Files\Git;C:\Users\Roneo\AppData\Roaming\npm;C:\Users\Roneo\AppData\Local\GitHubDesktop\bin;C:\Users\Roneo\AppData\Roaming\Python\Python37\Scripts;C:\Users\Roneo\.dotnet\tools;." />
    <property name="java.vendor" value="Oracle Corporation" />
    <property name="java.vm.info" value="mixed mode, sharing" />
    <property name="java.vm.version" value="16.0.1+9-24" />
    <property name="sun.io.unicode.encoding" value="UnicodeLittle" />
    <property name="java.class.version" value="60.0" />
  </properties>
  <testcase classname="RationalTest" name="testAdd" time="0.007" />
  <testcase classname="RationalTest" name="testSubtract" time="0.0" />
  <testcase classname="RationalTest" name="testEqual" time="0.0" />
  <testcase classname="RationalTest" name="testToString" time="0.005" />
  <testcase classname="RationalTest" name="testCompareTo" time="0.0" />
  <testcase classname="RationalTest" name="testRational1" time="0.001" />
  <testcase classname="RationalTest" name="testRational2" time="0.0" />
  <testcase classname="RationalTest" name="testDivide" time="0.0" />
  <testcase classname="RationalTest" name="testMultiply" time="0.0" />
  <system-out><![CDATA[]]></system-out>
  <system-err><![CDATA[]]></system-err>
</testsuite>
